<?xml version="1.0" encoding="utf-8" standalone="no"?>
<test-run id="2" testcasecount="19" result="Passed" total="19" passed="19" failed="0" inconclusive="0" skipped="0" asserts="47" start-time="2015-06-29 09:27:02Z" end-time="2015-06-29 09:27:03Z" duration="0.321821">
  <environment nunit-version="3.0.5610.33198" clr-version="4.0.30319.0" os-version="Microsoft Windows NT 6.3.9600.0" platform="Win32NT" cwd="D:\Development\SonarQube\VssonarExtension\VSSonarQubeExtension" machine-name="JOCS6" user="jocs" user-domain="TEKLAAD" culture="fi-FI" uiculture="en-US" os-architecture="x64" />
  <test-suite type="Assembly" id="0-1024" name="VSSonarExtensionUi.Test.dll" fullname="D:\Development\SonarQube\VssonarExtension\VSSonarQubeExtension\VSSonarExtensionUi.Test\bin\Debug\VSSonarExtensionUi.Test.dll" runstate="Runnable" testcasecount="19" result="Passed" start-time="2015-06-29 09:27:02Z" end-time="2015-06-29 09:27:03Z" duration="0.289460" total="19" passed="19" failed="0" inconclusive="0" skipped="0" asserts="47">
    <properties>
      <property name="_PID" value="8248" />
      <property name="_APPDOMAIN" value="test-domain-" />
    </properties>
    <test-suite type="TestSuite" id="0-1025" name="VSSonarExtensionUi" fullname="VSSonarExtensionUi" runstate="Runnable" testcasecount="19" result="Passed" start-time="2015-06-29 09:27:02Z" end-time="2015-06-29 09:27:03Z" duration="0.282557" total="19" passed="19" failed="0" inconclusive="0" skipped="0" asserts="47">
      <test-suite type="TestSuite" id="0-1026" name="Helpers" fullname="VSSonarExtensionUi.Helpers" runstate="Runnable" testcasecount="19" result="Passed" start-time="2015-06-29 09:27:02Z" end-time="2015-06-29 09:27:03Z" duration="0.282468" total="19" passed="19" failed="0" inconclusive="0" skipped="0" asserts="47">
        <test-suite type="TestSuite" id="0-1027" name="Test" fullname="VSSonarExtensionUi.Helpers.Test" runstate="Runnable" testcasecount="19" result="Passed" start-time="2015-06-29 09:27:02Z" end-time="2015-06-29 09:27:03Z" duration="0.282454" total="19" passed="19" failed="0" inconclusive="0" skipped="0" asserts="47">
          <test-suite type="TestSuite" id="0-1028" name="NonVSTests" fullname="VSSonarExtensionUi.Helpers.Test.NonVSTests" runstate="Runnable" testcasecount="19" result="Passed" start-time="2015-06-29 09:27:02Z" end-time="2015-06-29 09:27:03Z" duration="0.282448" total="19" passed="19" failed="0" inconclusive="0" skipped="0" asserts="47">
            <test-suite type="TestFixture" id="0-1000" name="ISonarConfigurationHelpersTests" fullname="VSSonarExtensionUi.Helpers.Test.NonVSTests.ISonarConfigurationHelpersTests" classname="VSSonarExtensionUi.Helpers.Test.NonVSTests.ISonarConfigurationHelpersTests" runstate="Runnable" testcasecount="1" result="Passed" start-time="2015-06-29 09:27:02Z" end-time="2015-06-29 09:27:02Z" duration="0.010828" total="1" passed="1" failed="0" inconclusive="0" skipped="0" asserts="0">
              <test-case id="0-1001" name="GetUserConfigurationIsOkAfterAuthentication" fullname="VSSonarExtensionUi.Helpers.Test.NonVSTests.ISonarConfigurationHelpersTests.GetUserConfigurationIsOkAfterAuthentication" methodname="GetUserConfigurationIsOkAfterAuthentication" classname="VSSonarExtensionUi.Helpers.Test.NonVSTests.ISonarConfigurationHelpersTests" runstate="Runnable" seed="1998102471" result="Passed" start-time="2015-06-29 09:27:02Z" end-time="2015-06-29 09:27:02Z" duration="0.003821" asserts="0" />
            </test-suite>
            <test-suite type="TestFixture" id="0-1002" name="ReadWriteToApplicationDataTests" fullname="VSSonarExtensionUi.Helpers.Test.NonVSTests.ReadWriteToApplicationDataTests" classname="VSSonarExtensionUi.Helpers.Test.NonVSTests.ReadWriteToApplicationDataTests" runstate="Runnable" testcasecount="0" result="Passed" start-time="2015-06-29 09:27:02Z" end-time="2015-06-29 09:27:02Z" duration="0.000036" total="0" passed="0" failed="0" inconclusive="0" skipped="0" asserts="0" />
            <test-suite type="TestFixture" id="0-1003" name="VsSonarUtilsCallbacksTest" fullname="VSSonarExtensionUi.Helpers.Test.NonVSTests.VsSonarUtilsCallbacksTest" classname="VSSonarExtensionUi.Helpers.Test.NonVSTests.VsSonarUtilsCallbacksTest" runstate="Runnable" testcasecount="9" result="Passed" start-time="2015-06-29 09:27:02Z" end-time="2015-06-29 09:27:02Z" duration="0.037992" total="9" passed="9" failed="0" inconclusive="0" skipped="0" asserts="25">
              <test-case id="0-1006" name="GetCorrespondentChangeForLineNoChange" fullname="VSSonarExtensionUi.Helpers.Test.NonVSTests.VsSonarUtilsCallbacksTest.GetCorrespondentChangeForLineNoChange" methodname="GetCorrespondentChangeForLineNoChange" classname="VSSonarExtensionUi.Helpers.Test.NonVSTests.VsSonarUtilsCallbacksTest" runstate="Runnable" seed="1323870426" result="Passed" start-time="2015-06-29 09:27:02Z" end-time="2015-06-29 09:27:02Z" duration="0.033494" asserts="12" />
              <test-case id="0-1007" name="GetNullChangeForLineForDeletedLine" fullname="VSSonarExtensionUi.Helpers.Test.NonVSTests.VsSonarUtilsCallbacksTest.GetNullChangeForLineForDeletedLine" methodname="GetNullChangeForLineForDeletedLine" classname="VSSonarExtensionUi.Helpers.Test.NonVSTests.VsSonarUtilsCallbacksTest" runstate="Runnable" seed="1355097167" result="Passed" start-time="2015-06-29 09:27:02Z" end-time="2015-06-29 09:27:02Z" duration="0.000870" asserts="1" />
              <test-case id="0-1008" name="GetNullChangeForLineForModifiedLine" fullname="VSSonarExtensionUi.Helpers.Test.NonVSTests.VsSonarUtilsCallbacksTest.GetNullChangeForLineForModifiedLine" methodname="GetNullChangeForLineForModifiedLine" classname="VSSonarExtensionUi.Helpers.Test.NonVSTests.VsSonarUtilsCallbacksTest" runstate="Runnable" seed="963478164" result="Passed" start-time="2015-06-29 09:27:02Z" end-time="2015-06-29 09:27:02Z" duration="0.000313" asserts="1" />
              <test-case id="0-1012" name="ShouldReportReturnInvalidIndex" fullname="VSSonarExtensionUi.Helpers.Test.NonVSTests.VsSonarUtilsCallbacksTest.ShouldReportReturnInvalidIndex" methodname="ShouldReportReturnInvalidIndex" classname="VSSonarExtensionUi.Helpers.Test.NonVSTests.VsSonarUtilsCallbacksTest" runstate="Runnable" seed="1554169190" result="Passed" start-time="2015-06-29 09:27:02Z" end-time="2015-06-29 09:27:02Z" duration="0.000618" asserts="1" />
              <test-case id="0-1011" name="ShouldReportViolationInLineWithCorrectNumberOfAddedLines" fullname="VSSonarExtensionUi.Helpers.Test.NonVSTests.VsSonarUtilsCallbacksTest.ShouldReportViolationInLineWithCorrectNumberOfAddedLines" methodname="ShouldReportViolationInLineWithCorrectNumberOfAddedLines" classname="VSSonarExtensionUi.Helpers.Test.NonVSTests.VsSonarUtilsCallbacksTest" runstate="Runnable" seed="173340171" result="Passed" start-time="2015-06-29 09:27:02Z" end-time="2015-06-29 09:27:02Z" duration="0.000506" asserts="2" />
              <test-case id="0-1010" name="ShouldReportViolationInNextLine" fullname="VSSonarExtensionUi.Helpers.Test.NonVSTests.VsSonarUtilsCallbacksTest.ShouldReportViolationInNextLine" methodname="ShouldReportViolationInNextLine" classname="VSSonarExtensionUi.Helpers.Test.NonVSTests.VsSonarUtilsCallbacksTest" runstate="Runnable" seed="961503095" result="Passed" start-time="2015-06-29 09:27:02Z" end-time="2015-06-29 09:27:02Z" duration="0.000341" asserts="1" />
              <test-case id="0-1005" name="ShouldReportViolationInSameLine" fullname="VSSonarExtensionUi.Helpers.Test.NonVSTests.VsSonarUtilsCallbacksTest.ShouldReportViolationInSameLine" methodname="ShouldReportViolationInSameLine" classname="VSSonarExtensionUi.Helpers.Test.NonVSTests.VsSonarUtilsCallbacksTest" runstate="Runnable" seed="458445963" result="Passed" start-time="2015-06-29 09:27:02Z" end-time="2015-06-29 09:27:02Z" duration="0.000532" asserts="5" />
              <test-case id="0-1009" name="ShouldReportViolationInTheSameLine" fullname="VSSonarExtensionUi.Helpers.Test.NonVSTests.VsSonarUtilsCallbacksTest.ShouldReportViolationInTheSameLine" methodname="ShouldReportViolationInTheSameLine" classname="VSSonarExtensionUi.Helpers.Test.NonVSTests.VsSonarUtilsCallbacksTest" runstate="Runnable" seed="211985103" result="Passed" start-time="2015-06-29 09:27:02Z" end-time="2015-06-29 09:27:02Z" duration="0.000348" asserts="1" />
              <test-case id="0-1004" name="TestSimpleCompare" fullname="VSSonarExtensionUi.Helpers.Test.NonVSTests.VsSonarUtilsCallbacksTest.TestSimpleCompare" methodname="TestSimpleCompare" classname="VSSonarExtensionUi.Helpers.Test.NonVSTests.VsSonarUtilsCallbacksTest" runstate="Runnable" seed="17143493" result="Passed" start-time="2015-06-29 09:27:02Z" end-time="2015-06-29 09:27:02Z" duration="0.000326" asserts="1" />
            </test-suite>
            <test-suite type="TestFixture" id="0-1013" name="VsSonarUtilsDifferenceHelpersTest" fullname="VSSonarExtensionUi.Helpers.Test.NonVSTests.VsSonarUtilsDifferenceHelpersTest" classname="VSSonarExtensionUi.Helpers.Test.NonVSTests.VsSonarUtilsDifferenceHelpersTest" runstate="Runnable" testcasecount="1" result="Passed" start-time="2015-06-29 09:27:02Z" end-time="2015-06-29 09:27:03Z" duration="0.073643" total="1" passed="1" failed="0" inconclusive="0" skipped="0" asserts="1">
              <test-case id="0-1014" name="TestCompare" fullname="VSSonarExtensionUi.Helpers.Test.NonVSTests.VsSonarUtilsDifferenceHelpersTest.TestCompare" methodname="TestCompare" classname="VSSonarExtensionUi.Helpers.Test.NonVSTests.VsSonarUtilsDifferenceHelpersTest" runstate="Runnable" seed="1888940438" result="Passed" start-time="2015-06-29 09:27:02Z" end-time="2015-06-29 09:27:03Z" duration="0.073396" asserts="1" />
            </test-suite>
            <test-suite type="TestFixture" id="0-1015" name="VsSonarUtilsTest" fullname="VSSonarExtensionUi.Helpers.Test.NonVSTests.VsSonarUtilsTest" classname="VSSonarExtensionUi.Helpers.Test.NonVSTests.VsSonarUtilsTest" runstate="Runnable" testcasecount="8" result="Passed" start-time="2015-06-29 09:27:03Z" end-time="2015-06-29 09:27:03Z" duration="0.156564" total="8" passed="8" failed="0" inconclusive="0" skipped="0" asserts="21">
              <test-case id="0-1016" name="TestFileDoesNotExist" fullname="VSSonarExtensionUi.Helpers.Test.NonVSTests.VsSonarUtilsTest.TestFileDoesNotExist" methodname="TestFileDoesNotExist" classname="VSSonarExtensionUi.Helpers.Test.NonVSTests.VsSonarUtilsTest" runstate="Runnable" seed="1542415269" result="Passed" start-time="2015-06-29 09:27:03Z" end-time="2015-06-29 09:27:03Z" duration="0.002716" asserts="2" />
              <test-case id="0-1017" name="TestFileExistAddNewData" fullname="VSSonarExtensionUi.Helpers.Test.NonVSTests.VsSonarUtilsTest.TestFileExistAddNewData" methodname="TestFileExistAddNewData" classname="VSSonarExtensionUi.Helpers.Test.NonVSTests.VsSonarUtilsTest" runstate="Runnable" seed="596653663" result="Passed" start-time="2015-06-29 09:27:03Z" end-time="2015-06-29 09:27:03Z" duration="0.001426" asserts="5" />
              <test-case id="0-1018" name="TestFileExistReplace" fullname="VSSonarExtensionUi.Helpers.Test.NonVSTests.VsSonarUtilsTest.TestFileExistReplace" methodname="TestFileExistReplace" classname="VSSonarExtensionUi.Helpers.Test.NonVSTests.VsSonarUtilsTest" runstate="Runnable" seed="787650010" result="Passed" start-time="2015-06-29 09:27:03Z" end-time="2015-06-29 09:27:03Z" duration="0.001725" asserts="4" />
              <test-case id="0-1021" name="TestGetProjetKeyFromPomFile" fullname="VSSonarExtensionUi.Helpers.Test.NonVSTests.VsSonarUtilsTest.TestGetProjetKeyFromPomFile" methodname="TestGetProjetKeyFromPomFile" classname="VSSonarExtensionUi.Helpers.Test.NonVSTests.VsSonarUtilsTest" runstate="Runnable" seed="1923791459" result="Passed" start-time="2015-06-29 09:27:03Z" end-time="2015-06-29 09:27:03Z" duration="0.143520" asserts="1" />
              <test-case id="0-1023" name="TestGetProjetKeyFromPomFileNonExistentFile" fullname="VSSonarExtensionUi.Helpers.Test.NonVSTests.VsSonarUtilsTest.TestGetProjetKeyFromPomFileNonExistentFile" methodname="TestGetProjetKeyFromPomFileNonExistentFile" classname="VSSonarExtensionUi.Helpers.Test.NonVSTests.VsSonarUtilsTest" runstate="Runnable" seed="1448988997" result="Passed" start-time="2015-06-29 09:27:03Z" end-time="2015-06-29 09:27:03Z" duration="0.000267" asserts="1" />
              <test-case id="0-1022" name="TestGetProjetKeyFromSonarRunnerFile" fullname="VSSonarExtensionUi.Helpers.Test.NonVSTests.VsSonarUtilsTest.TestGetProjetKeyFromSonarRunnerFile" methodname="TestGetProjetKeyFromSonarRunnerFile" classname="VSSonarExtensionUi.Helpers.Test.NonVSTests.VsSonarUtilsTest" runstate="Runnable" seed="1069402004" result="Passed" start-time="2015-06-29 09:27:03Z" end-time="2015-06-29 09:27:03Z" duration="0.000693" asserts="1" />
              <test-case id="0-1019" name="TestMultiplesData" fullname="VSSonarExtensionUi.Helpers.Test.NonVSTests.VsSonarUtilsTest.TestMultiplesData" methodname="TestMultiplesData" classname="VSSonarExtensionUi.Helpers.Test.NonVSTests.VsSonarUtilsTest" runstate="Runnable" seed="1390597427" result="Passed" start-time="2015-06-29 09:27:03Z" end-time="2015-06-29 09:27:03Z" duration="0.001888" asserts="4" />
              <test-case id="0-1020" name="TestReadData" fullname="VSSonarExtensionUi.Helpers.Test.NonVSTests.VsSonarUtilsTest.TestReadData" methodname="TestReadData" classname="VSSonarExtensionUi.Helpers.Test.NonVSTests.VsSonarUtilsTest" runstate="Runnable" seed="1231727827" result="Passed" start-time="2015-06-29 09:27:03Z" end-time="2015-06-29 09:27:03Z" duration="0.001806" asserts="3" />
            </test-suite>
          </test-suite>
        </test-suite>
      </test-suite>
    </test-suite>
  </test-suite>
</test-run>